<?xml version="1.0" encoding="UTF-8"?>
<robot generator="Robot 7.3.2 (Python 3.13.7 on win32)" generated="2025-12-04T14:54:29.161346" rpa="false" schemaversion="5">
<suite id="s1" name="Login" source="c:\Estudo-automacao-robot\project\test-cases\login.robot">
<test id="s1-t1" name="Validar login inválido" line="20">
<kw name="Open Browser" owner="SeleniumLibrary" type="SETUP">
<msg time="2025-12-04T14:54:29.683601" level="INFO">Opening browser 'chrome' to base url 'https://www.saucedemo.com/'.</msg>
<arg>https://www.saucedemo.com/</arg>
<arg>chrome</arg>
<doc>Opens a new browser instance to the optional ``url``.</doc>
<status status="PASS" start="2025-12-04T14:54:29.683044" elapsed="1.877065"/>
</kw>
<kw name="Given que estou na tela de login" owner="login_sucesso">
<kw name="Open Browser" owner="SeleniumLibrary">
<msg time="2025-12-04T14:54:31.563451" level="INFO">Opening browser 'chrome' to base url 'https://www.saucedemo.com/'.</msg>
<arg>https://www.saucedemo.com/</arg>
<arg>chrome</arg>
<doc>Opens a new browser instance to the optional ``url``.</doc>
<status status="PASS" start="2025-12-04T14:54:31.562626" elapsed="1.854846"/>
</kw>
<kw name="Maximize Browser Window" owner="SeleniumLibrary">
<doc>Maximizes current browser window.</doc>
<status status="PASS" start="2025-12-04T14:54:33.418491" elapsed="0.065275"/>
</kw>
<status status="PASS" start="2025-12-04T14:54:31.561682" elapsed="1.922530"/>
</kw>
<kw name="And preencho o campo de usuario" owner="login_sucesso">
<kw name="Input Text" owner="SeleniumLibrary">
<msg time="2025-12-04T14:54:33.489510" level="INFO">Typing text 'kaico castro' into text field '//*[@id="user-name"]'.</msg>
<arg>${TELA_LOGIN.USARNAME_INPUT}</arg>
<arg>${username}</arg>
<doc>Types the given ``text`` into the text field identified by ``locator``.</doc>
<status status="PASS" start="2025-12-04T14:54:33.487510" elapsed="0.255183"/>
</kw>
<arg>kaico castro</arg>
<status status="PASS" start="2025-12-04T14:54:33.485603" elapsed="0.257382"/>
</kw>
<kw name="And preencho o campo de senha" owner="login_sucesso">
<kw name="Input Text" owner="SeleniumLibrary">
<msg time="2025-12-04T14:54:33.745956" level="INFO">Typing text '123456' into text field '//*[@id="password"]'.</msg>
<arg>${TELA_LOGIN.PASSWORD_INPUT}</arg>
<arg>${password}</arg>
<doc>Types the given ``text`` into the text field identified by ``locator``.</doc>
<status status="PASS" start="2025-12-04T14:54:33.744515" elapsed="0.157158"/>
</kw>
<arg>123456</arg>
<status status="PASS" start="2025-12-04T14:54:33.743725" elapsed="0.158464"/>
</kw>
<kw name="When clico no botão de login" owner="login_sucesso">
<kw name="Click Button" owner="SeleniumLibrary">
<msg time="2025-12-04T14:54:33.956227" level="INFO">Clicking button '//*[@id="login-button"]'.</msg>
<arg>${TELA_LOGIN.LOGIN_BUTTON}</arg>
<doc>Clicks the button identified by ``locator``.</doc>
<status status="PASS" start="2025-12-04T14:54:33.951379" elapsed="0.520547"/>
</kw>
<status status="PASS" start="2025-12-04T14:54:33.950326" elapsed="0.522088"/>
</kw>
<kw name="Then o sistema deve exibir uma mensagem de erro &quot;Epic sadface: Username and password do not match any user in this service&quot;" owner="login_sucesso">
<kw name="Wait Until Element Is Visible" owner="SeleniumLibrary">
<arg>${TELA_LOGIN.MENSAGEM_ERRO}</arg>
<arg>5s</arg>
<doc>Waits until the element ``locator`` is visible.</doc>
<status status="PASS" start="2025-12-04T14:54:34.479749" elapsed="0.116532"/>
</kw>
<kw name="Get Text" owner="SeleniumLibrary">
<msg time="2025-12-04T14:54:34.658238" level="INFO">${mensagem} = Epic sadface: Username and password do not match any user in this service</msg>
<var>${mensagem}</var>
<arg>${TELA_LOGIN.MENSAGEM_ERRO}</arg>
<doc>Returns the text value of the element identified by ``locator``.</doc>
<status status="PASS" start="2025-12-04T14:54:34.596990" elapsed="0.061598"/>
</kw>
<kw name="Should Be Equal" owner="BuiltIn">
<arg>${mensagem}</arg>
<arg>Epic sadface: Username and password do not match any user in this service</arg>
<doc>Fails if the given objects are unequal.</doc>
<status status="PASS" start="2025-12-04T14:54:34.659033" elapsed="0.000729"/>
</kw>
<status status="PASS" start="2025-12-04T14:54:34.478770" elapsed="0.181430"/>
</kw>
<kw name="Close Browser" owner="SeleniumLibrary" type="TEARDOWN">
<doc>Closes the current browser.</doc>
<status status="PASS" start="2025-12-04T14:54:34.663625" elapsed="2.408173"/>
</kw>
<tag>invalido</tag>
<tag>login</tag>
<status status="PASS" start="2025-12-04T14:54:29.680579" elapsed="7.392013"/>
</test>
<doc>Esse arquivo contém cenarios de testes para login válido e inválido.</doc>
<status status="PASS" start="2025-12-04T14:54:29.170068" elapsed="7.918093"/>
</suite>
<statistics>
<total>
<stat pass="1" fail="0" skip="0">All Tests</stat>
</total>
<tag>
<stat pass="1" fail="0" skip="0">invalido</stat>
<stat pass="1" fail="0" skip="0">login</stat>
</tag>
<suite>
<stat name="Login" id="s1" pass="1" fail="0" skip="0">Login</stat>
</suite>
</statistics>
<errors>
</errors>
</robot>
