<?xml version="1.0" encoding="UTF-8"?>
<robot generator="Robot 7.3.2 (Python 3.13.7 on win32)" generated="2025-12-05T16:45:46.214895" rpa="false" schemaversion="5">
<suite id="s1" name="Estudo-automacao-robot" source="C:\Estudo-automacao-robot">
<suite id="s1-s1" name="Project" source="C:\Estudo-automacao-robot\project">
<suite id="s1-s1-s1" name="Test-Cases" source="C:\Estudo-automacao-robot\project\test-cases">
<suite id="s1-s1-s1-s1" name="Login" source="C:\Estudo-automacao-robot\project\test-cases\login.robot">
<test id="s1-s1-s1-s1-t1" name="Validar login válido" line="11">
<kw name="Open Browser" owner="SeleniumLibrary" type="SETUP">
<msg time="2025-12-05T16:45:47.009945" level="INFO">Opening browser 'chrome' to base url 'https://www.saucedemo.com/'.</msg>
<arg>https://www.saucedemo.com/</arg>
<arg>chrome</arg>
<doc>Opens a new browser instance to the optional ``url``.</doc>
<status status="PASS" start="2025-12-05T16:45:47.009029" elapsed="3.183048"/>
</kw>
<kw name="Given que estou na tela de login" owner="login_sucesso">
<kw name="Open Browser" owner="SeleniumLibrary">
<msg time="2025-12-05T16:45:50.208227" level="INFO">Opening browser 'chrome' to base url 'https://www.saucedemo.com/'.</msg>
<arg>${TELA_LOGIN.URL_LOGIN}</arg>
<arg>chrome</arg>
<doc>Opens a new browser instance to the optional ``url``.</doc>
<status status="PASS" start="2025-12-05T16:45:50.205943" elapsed="1.949031"/>
</kw>
<kw name="Maximize Browser Window" owner="SeleniumLibrary">
<doc>Maximizes current browser window.</doc>
<status status="PASS" start="2025-12-05T16:45:52.155640" elapsed="0.126972"/>
</kw>
<status status="PASS" start="2025-12-05T16:45:50.193104" elapsed="2.089907"/>
</kw>
<kw name="And preencho o campo de usuario" owner="login_sucesso">
<kw name="Input Text" owner="SeleniumLibrary">
<msg time="2025-12-05T16:45:52.358757" level="INFO">Typing text 'standard_user' into text field '//*[@id="user-name"]'.</msg>
<arg>${TELA_LOGIN.USARNAME_INPUT}</arg>
<arg>${username}</arg>
<doc>Types the given ``text`` into the text field identified by ``locator``.</doc>
<status status="PASS" start="2025-12-05T16:45:52.353879" elapsed="0.234165"/>
</kw>
<arg>standard_user</arg>
<status status="PASS" start="2025-12-05T16:45:52.328456" elapsed="0.260288"/>
</kw>
<kw name="And preencho o campo de senha" owner="login_sucesso">
<kw name="Input Text" owner="SeleniumLibrary">
<msg time="2025-12-05T16:45:52.608713" level="INFO">Typing text 'secret_sauce' into text field '//*[@id="password"]'.</msg>
<arg>${TELA_LOGIN.PASSWORD_INPUT}</arg>
<arg>${password}</arg>
<doc>Types the given ``text`` into the text field identified by ``locator``.</doc>
<status status="PASS" start="2025-12-05T16:45:52.607872" elapsed="0.129805"/>
</kw>
<arg>secret_sauce</arg>
<status status="PASS" start="2025-12-05T16:45:52.597748" elapsed="0.140405"/>
</kw>
<kw name="When clico no botão de login" owner="login_sucesso">
<kw name="Click Button" owner="SeleniumLibrary">
<msg time="2025-12-05T16:45:52.758877" level="INFO">Clicking button '//*[@id="login-button"]'.</msg>
<arg>${TELA_LOGIN.LOGIN_BUTTON}</arg>
<doc>Clicks the button identified by ``locator``.</doc>
<status status="PASS" start="2025-12-05T16:45:52.757837" elapsed="0.165141"/>
</kw>
<status status="PASS" start="2025-12-05T16:45:52.747436" elapsed="0.175822"/>
</kw>
<kw name="Then o sistema deve me redirecionar para a página inicial" owner="login_sucesso">
<kw name="Wait Until Element Is Visible" owner="SeleniumLibrary">
<arg>${TELA_LOGIN.LOGO_SAUCEDEMO}</arg>
<arg>5s</arg>
<doc>Waits until the element ``locator`` is visible.</doc>
<status status="PASS" start="2025-12-05T16:45:52.940649" elapsed="0.118876"/>
</kw>
<kw name="Element Should Be Visible" owner="SeleniumLibrary">
<msg time="2025-12-05T16:45:53.078687" level="INFO">Element '//*[@id="header_container"]/div[1]/div[2]/div' is displayed.</msg>
<arg>${TELA_LOGIN.LOGO_SAUCEDEMO}</arg>
<doc>Verifies that the element identified by ``locator`` is visible.</doc>
<status status="PASS" start="2025-12-05T16:45:53.060120" elapsed="0.019381"/>
</kw>
<status status="PASS" start="2025-12-05T16:45:52.934840" elapsed="0.145056"/>
</kw>
<kw name="And verifico que o título da página é &quot;Products&quot;" owner="login_sucesso">
<kw name="Get Title" owner="SeleniumLibrary">
<msg time="2025-12-05T16:45:53.095796" level="INFO">${title} = Swag Labs</msg>
<var>${title}</var>
<doc>Returns the title of the current page.</doc>
<status status="PASS" start="2025-12-05T16:45:53.089938" elapsed="0.006174"/>
</kw>
<kw name="Should Be Equal" owner="BuiltIn">
<arg>${title}</arg>
<arg>Swag Labs</arg>
<doc>Fails if the given objects are unequal.</doc>
<status status="PASS" start="2025-12-05T16:45:53.096465" elapsed="0.001343"/>
</kw>
<status status="PASS" start="2025-12-05T16:45:53.084618" elapsed="0.013655"/>
</kw>
<tag>login</tag>
<tag>valido</tag>
<status status="PASS" start="2025-12-05T16:45:47.002677" elapsed="6.098805"/>
</test>
<doc>Esse arquivo contém cenarios de testes para login válido e inválido.</doc>
<status status="PASS" start="2025-12-05T16:45:46.303980" elapsed="6.803966"/>
</suite>
<status status="PASS" start="2025-12-05T16:45:46.298278" elapsed="6.816178"/>
</suite>
<status status="PASS" start="2025-12-05T16:45:46.292238" elapsed="6.828417"/>
</suite>
<status status="PASS" start="2025-12-05T16:45:46.223699" elapsed="6.902807"/>
</suite>
<statistics>
<total>
<stat pass="1" fail="0" skip="0">All Tests</stat>
</total>
<tag>
<stat pass="1" fail="0" skip="0">login</stat>
<stat pass="1" fail="0" skip="0">valido</stat>
</tag>
<suite>
<stat name="Estudo-automacao-robot" id="s1" pass="1" fail="0" skip="0">Estudo-automacao-robot</stat>
<stat name="Project" id="s1-s1" pass="1" fail="0" skip="0">Estudo-automacao-robot.Project</stat>
<stat name="Test-Cases" id="s1-s1-s1" pass="1" fail="0" skip="0">Estudo-automacao-robot.Project.Test-Cases</stat>
<stat name="Login" id="s1-s1-s1-s1" pass="1" fail="0" skip="0">Estudo-automacao-robot.Project.Test-Cases.Login</stat>
</suite>
</statistics>
<errors>
</errors>
</robot>
